[debug] [2025-08-24T02:03:05.110Z] ----------------------------------------------------------------------
[debug] [2025-08-24T02:03:05.115Z] Command:       E:\Program Files\nodejs\node.exe C:\Users\Administrador\AppData\Roaming\npm\node_modules\firebase-tools\lib\bin\firebase.js init functions
[debug] [2025-08-24T02:03:05.117Z] CLI Version:   14.12.1
[debug] [2025-08-24T02:03:05.118Z] Platform:      win32
[debug] [2025-08-24T02:03:05.118Z] Node Version:  v22.11.0
[debug] [2025-08-24T02:03:05.119Z] Time:          Sat Aug 23 2025 22:03:05 GMT-0400 (Bolivia Time)
[debug] [2025-08-24T02:03:05.119Z] ----------------------------------------------------------------------
[debug] 
[debug] [2025-08-24T02:03:05.447Z] Object "" in "firebase.json" has unknown property: {"additionalProperty":"flutter"}
[debug] [2025-08-24T02:03:05.457Z] > command requires scopes: ["email","openid","https://www.googleapis.com/auth/cloudplatformprojects.readonly","https://www.googleapis.com/auth/firebase","https://www.googleapis.com/auth/cloud-platform"]
[debug] [2025-08-24T02:03:05.458Z] > authorizing via signed-in user (versatech.tec@gmail.com)
[debug] [2025-08-24T02:03:05.459Z] Object "" in "firebase.json" has unknown property: {"additionalProperty":"flutter"}
[info] 
     ######## #### ########  ######## ########     ###     ######  ########
     ##        ##  ##     ## ##       ##     ##  ##   ##  ##       ##
     ######    ##  ########  ######   ########  #########  ######  ######
     ##        ##  ##    ##  ##       ##     ## ##     ##       ## ##
     ##       #### ##     ## ######## ########  ##     ##  ######  ########

You're about to initialize a Firebase project in this directory:

  E:\bingo_patuju

Before we get started, keep in mind:

  * You are initializing within an existing Firebase project directory

[debug] [2025-08-24T02:04:12.845Z] ExitPromptError: User force closed the prompt with SIGINT
    at Interface.sigint (C:\Users\Administrador\AppData\Roaming\npm\node_modules\firebase-tools\node_modules\@inquirer\core\dist\commonjs\lib\create-prompt.js:101:37)
    at Interface.emit (node:events:518:28)
    at Interface.emit (node:domain:489:12)
    at [_ttyWrite] [as _ttyWrite] (node:internal/readline/interface:1124:18)
    at ReadStream.onkeypress (node:internal/readline/interface:263:20)
    at ReadStream.emit (node:events:530:35)
    at ReadStream.emit (node:domain:489:12)
    at emitKeys (node:internal/readline/utils:370:14)
    at emitKeys.next (<anonymous>)
    at ReadStream.onData (node:internal/readline/emitKeypressEvents:64:36)
[error] 
[error] Error: An unexpected error has occurred.
